<?xml version="1.0" encoding="utf-8"?><testsuites name="pytest tests"><testsuite name="pytest" errors="0" failures="0" skipped="0" tests="28" time="16.370" timestamp="2026-05-15T10:13:00.698807+00:00" hostname="agent-env-8d11aa50-3510-4c8e-bf75-3f1c41f00c72"><testcase classname="backend.tests.test_mtw_backend.TestPublic" name="test_branding" time="0.275" /><testcase classname="backend.tests.test_mtw_backend.TestPublic" name="test_contact" time="0.151" /><testcase classname="backend.tests.test_mtw_backend.TestPublic" name="test_categories" time="0.188" /><testcase classname="backend.tests.test_mtw_backend.TestPublic" name="test_products_list" time="0.234" /><testcase classname="backend.tests.test_mtw_backend.TestPublic" name="test_products_featured" time="0.151" /><testcase classname="backend.tests.test_mtw_backend.TestPublic" name="test_products_search_teddy" time="1.240" /><testcase classname="backend.tests.test_mtw_backend.TestPublic" name="test_products_by_category" time="0.311" /><testcase classname="backend.tests.test_mtw_backend.TestPublic" name="test_product_detail" time="1.955" /><testcase classname="backend.tests.test_mtw_backend.TestAuth" name="test_admin_login" time="1.779" /><testcase classname="backend.tests.test_mtw_backend.TestAuth" name="test_me" time="0.282" /><testcase classname="backend.tests.test_mtw_backend.TestAuth" name="test_me_unauthorized" time="0.141" /><testcase classname="backend.tests.test_mtw_backend.TestAuth" name="test_register_customer" time="0.367" /><testcase classname="backend.tests.test_mtw_backend.TestAuth" name="test_duplicate_register" time="0.159" /><testcase classname="backend.tests.test_mtw_backend.TestAuth" name="test_login_invalid" time="0.753" /><testcase classname="backend.tests.test_mtw_backend.TestOrders" name="test_order_created" time="0.647" /><testcase classname="backend.tests.test_mtw_backend.TestOrders" name="test_orders_mine" time="2.197" /><testcase classname="backend.tests.test_mtw_backend.TestOrders" name="test_orders_track" time="0.988" /><testcase classname="backend.tests.test_mtw_backend.TestOrders" name="test_orders_track_404" time="1.293" /><testcase classname="backend.tests.test_mtw_backend.TestOrders" name="test_orders_admin_403_for_customer" time="0.144" /><testcase classname="backend.tests.test_mtw_backend.TestOrders" name="test_orders_admin_list" time="0.172" /><testcase classname="backend.tests.test_mtw_backend.TestOrders" name="test_orders_status_update" time="0.152" /><testcase classname="backend.tests.test_mtw_backend.TestAdminOnly" name="test_create_category_admin" time="0.331" /><testcase classname="backend.tests.test_mtw_backend.TestAdminOnly" name="test_create_category_403_customer" time="0.181" /><testcase classname="backend.tests.test_mtw_backend.TestAdminOnly" name="test_create_product_admin" time="0.470" /><testcase classname="backend.tests.test_mtw_backend.TestAdminOnly" name="test_branding_update_admin" time="0.147" /><testcase classname="backend.tests.test_mtw_backend.TestAdminOnly" name="test_contact_update_admin" time="1.188" /><testcase classname="backend.tests.test_mtw_backend.TestAdminOnly" name="test_customers_list_admin" time="0.157" /><testcase classname="backend.tests.test_mtw_backend.TestAdminOnly" name="test_admin_stats" time="0.163" /></testsuite></testsuites>